Analysis & Synthesis report for input2ssd
Fri Jul  5 17:37:32 2019
Quartus II 32-bit Version 13.0.1 Build 232 06/12/2013 Service Pack 1 SJ Full Version


---------------------
; Table of Contents ;
---------------------
  1. Legal Notice
  2. Analysis & Synthesis Summary
  3. Analysis & Synthesis Settings
  4. Parallel Compilation
  5. Analysis & Synthesis Source Files Read
  6. Analysis & Synthesis Resource Usage Summary
  7. Analysis & Synthesis Resource Utilization by Entity
  8. State Machine - |main|transmitter:transmissor|pr_state
  9. General Register Statistics
 10. Inverted Register Statistics
 11. Multiplexer Restructuring Statistics (Restructuring Performed)
 12. Parameter Settings for User Entity Instance: Top-level Entity: |main
 13. Parameter Settings for User Entity Instance: input2ssd:to_ssd
 14. Parameter Settings for User Entity Instance: parity_generator:parityGenerator
 15. Parameter Settings for User Entity Instance: baudrate_generator:gerador_baudrate
 16. Parameter Settings for User Entity Instance: transmitter:transmissor
 17. Port Connectivity Checks: "input2ssd:to_ssd"
 18. Elapsed Time Per Partition
 19. Analysis & Synthesis Messages



----------------
; Legal Notice ;
----------------
Copyright (C) 1991-2013 Altera Corporation
Your use of Altera Corporation's design tools, logic functions 
and other software and tools, and its AMPP partner logic 
functions, and any output files from any of the foregoing 
(including device programming or simulation files), and any 
associated documentation or information are expressly subject 
to the terms and conditions of the Altera Program License 
Subscription Agreement, Altera MegaCore Function License 
Agreement, or other applicable license agreement, including, 
without limitation, that your use is for the sole purpose of 
programming logic devices manufactured by Altera and sold by 
Altera or its authorized distributors.  Please refer to the 
applicable agreement for further details.



+---------------------------------------------------------------------------------------+
; Analysis & Synthesis Summary                                                          ;
+------------------------------------+--------------------------------------------------+
; Analysis & Synthesis Status        ; Successful - Fri Jul  5 17:37:32 2019            ;
; Quartus II 32-bit Version          ; 13.0.1 Build 232 06/12/2013 SP 1 SJ Full Version ;
; Revision Name                      ; input2ssd                                        ;
; Top-level Entity Name              ; main                                             ;
; Family                             ; Cyclone IV E                                     ;
; Total logic elements               ; 80                                               ;
;     Total combinational functions  ; 63                                               ;
;     Dedicated logic registers      ; 46                                               ;
; Total registers                    ; 46                                               ;
; Total pins                         ; 19                                               ;
; Total virtual pins                 ; 0                                                ;
; Total memory bits                  ; 0                                                ;
; Embedded Multiplier 9-bit elements ; 0                                                ;
; Total PLLs                         ; 0                                                ;
+------------------------------------+--------------------------------------------------+


+----------------------------------------------------------------------------------------------------------------------+
; Analysis & Synthesis Settings                                                                                        ;
+----------------------------------------------------------------------------+--------------------+--------------------+
; Option                                                                     ; Setting            ; Default Value      ;
+----------------------------------------------------------------------------+--------------------+--------------------+
; Device                                                                     ; EP4CE115F29C7      ;                    ;
; Top-level entity name                                                      ; main               ; input2ssd          ;
; Family name                                                                ; Cyclone IV E       ; Cyclone IV GX      ;
; Use smart compilation                                                      ; Off                ; Off                ;
; Enable parallel Assembler and TimeQuest Timing Analyzer during compilation ; On                 ; On                 ;
; Enable compact report table                                                ; Off                ; Off                ;
; Restructure Multiplexers                                                   ; Auto               ; Auto               ;
; Create Debugging Nodes for IP Cores                                        ; Off                ; Off                ;
; Preserve fewer node names                                                  ; On                 ; On                 ;
; Disable OpenCore Plus hardware evaluation                                  ; Off                ; Off                ;
; Verilog Version                                                            ; Verilog_2001       ; Verilog_2001       ;
; VHDL Version                                                               ; VHDL_1993          ; VHDL_1993          ;
; State Machine Processing                                                   ; Auto               ; Auto               ;
; Safe State Machine                                                         ; Off                ; Off                ;
; Extract Verilog State Machines                                             ; On                 ; On                 ;
; Extract VHDL State Machines                                                ; On                 ; On                 ;
; Ignore Verilog initial constructs                                          ; Off                ; Off                ;
; Iteration limit for constant Verilog loops                                 ; 5000               ; 5000               ;
; Iteration limit for non-constant Verilog loops                             ; 250                ; 250                ;
; Add Pass-Through Logic to Inferred RAMs                                    ; On                 ; On                 ;
; Infer RAMs from Raw Logic                                                  ; On                 ; On                 ;
; Parallel Synthesis                                                         ; On                 ; On                 ;
; DSP Block Balancing                                                        ; Auto               ; Auto               ;
; NOT Gate Push-Back                                                         ; On                 ; On                 ;
; Power-Up Don't Care                                                        ; On                 ; On                 ;
; Remove Redundant Logic Cells                                               ; Off                ; Off                ;
; Remove Duplicate Registers                                                 ; On                 ; On                 ;
; Ignore CARRY Buffers                                                       ; Off                ; Off                ;
; Ignore CASCADE Buffers                                                     ; Off                ; Off                ;
; Ignore GLOBAL Buffers                                                      ; Off                ; Off                ;
; Ignore ROW GLOBAL Buffers                                                  ; Off                ; Off                ;
; Ignore LCELL Buffers                                                       ; Off                ; Off                ;
; Ignore SOFT Buffers                                                        ; On                 ; On                 ;
; Limit AHDL Integers to 32 Bits                                             ; Off                ; Off                ;
; Optimization Technique                                                     ; Balanced           ; Balanced           ;
; Carry Chain Length                                                         ; 70                 ; 70                 ;
; Auto Carry Chains                                                          ; On                 ; On                 ;
; Auto Open-Drain Pins                                                       ; On                 ; On                 ;
; Perform WYSIWYG Primitive Resynthesis                                      ; Off                ; Off                ;
; Auto ROM Replacement                                                       ; On                 ; On                 ;
; Auto RAM Replacement                                                       ; On                 ; On                 ;
; Auto DSP Block Replacement                                                 ; On                 ; On                 ;
; Auto Shift Register Replacement                                            ; Auto               ; Auto               ;
; Allow Shift Register Merging across Hierarchies                            ; Auto               ; Auto               ;
; Auto Clock Enable Replacement                                              ; On                 ; On                 ;
; Strict RAM Replacement                                                     ; Off                ; Off                ;
; Allow Synchronous Control Signals                                          ; On                 ; On                 ;
; Force Use of Synchronous Clear Signals                                     ; Off                ; Off                ;
; Auto RAM Block Balancing                                                   ; On                 ; On                 ;
; Auto RAM to Logic Cell Conversion                                          ; Off                ; Off                ;
; Auto Resource Sharing                                                      ; Off                ; Off                ;
; Allow Any RAM Size For Recognition                                         ; Off                ; Off                ;
; Allow Any ROM Size For Recognition                                         ; Off                ; Off                ;
; Allow Any Shift Register Size For Recognition                              ; Off                ; Off                ;
; Use LogicLock Constraints during Resource Balancing                        ; On                 ; On                 ;
; Ignore translate_off and synthesis_off directives                          ; Off                ; Off                ;
; Timing-Driven Synthesis                                                    ; On                 ; On                 ;
; Report Parameter Settings                                                  ; On                 ; On                 ;
; Report Source Assignments                                                  ; On                 ; On                 ;
; Report Connectivity Checks                                                 ; On                 ; On                 ;
; Ignore Maximum Fan-Out Assignments                                         ; Off                ; Off                ;
; Synchronization Register Chain Length                                      ; 2                  ; 2                  ;
; PowerPlay Power Optimization                                               ; Normal compilation ; Normal compilation ;
; HDL message level                                                          ; Level2             ; Level2             ;
; Suppress Register Optimization Related Messages                            ; Off                ; Off                ;
; Number of Removed Registers Reported in Synthesis Report                   ; 5000               ; 5000               ;
; Number of Swept Nodes Reported in Synthesis Report                         ; 5000               ; 5000               ;
; Number of Inverted Registers Reported in Synthesis Report                  ; 100                ; 100                ;
; Clock MUX Protection                                                       ; On                 ; On                 ;
; Auto Gated Clock Conversion                                                ; Off                ; Off                ;
; Block Design Naming                                                        ; Auto               ; Auto               ;
; SDC constraint protection                                                  ; Off                ; Off                ;
; Synthesis Effort                                                           ; Auto               ; Auto               ;
; Shift Register Replacement - Allow Asynchronous Clear Signal               ; On                 ; On                 ;
; Pre-Mapping Resynthesis Optimization                                       ; Off                ; Off                ;
; Analysis & Synthesis Message Level                                         ; Medium             ; Medium             ;
; Disable Register Merging Across Hierarchies                                ; Auto               ; Auto               ;
; Resource Aware Inference For Block RAM                                     ; On                 ; On                 ;
; Synthesis Seed                                                             ; 1                  ; 1                  ;
+----------------------------------------------------------------------------+--------------------+--------------------+


+------------------------------------------+
; Parallel Compilation                     ;
+----------------------------+-------------+
; Processors                 ; Number      ;
+----------------------------+-------------+
; Number detected on machine ; 8           ;
; Maximum allowed            ; 4           ;
;                            ;             ;
; Average used               ; 1.00        ;
; Maximum used               ; 1           ;
;                            ;             ;
; Usage by Processor         ; % Time Used ;
;     Processor 1            ; 100.0%      ;
;     Processors 2-8         ;   0.0%      ;
+----------------------------+-------------+


+---------------------------------------------------------------------------------------------------------------------------------------------------------+
; Analysis & Synthesis Source Files Read                                                                                                                  ;
+----------------------------------+-----------------+-----------------+------------------------------------------------------------------------+---------+
; File Name with User-Entered Path ; Used in Netlist ; File Type       ; File Name with Absolute Path                                           ; Library ;
+----------------------------------+-----------------+-----------------+------------------------------------------------------------------------+---------+
; input2ssd.vhd                    ; yes             ; User VHDL File  ; /home/aluno/DLP1-final/qar/fina_suy_v2_restored/input2ssd.vhd          ;         ;
; parallel2serial.vhd              ; yes             ; User VHDL File  ; /home/aluno/DLP1-final/qar/fina_suy_v2_restored/parallel2serial.vhd    ;         ;
; parity_generator.vhd             ; yes             ; User VHDL File  ; /home/aluno/DLP1-final/qar/fina_suy_v2_restored/parity_generator.vhd   ;         ;
; baudrate_generator.vhd           ; yes             ; User VHDL File  ; /home/aluno/DLP1-final/qar/fina_suy_v2_restored/baudrate_generator.vhd ;         ;
; main.vhd                         ; yes             ; User VHDL File  ; /home/aluno/DLP1-final/qar/fina_suy_v2_restored/main.vhd               ;         ;
; transmitter.vhd                  ; yes             ; User VHDL File  ; /home/aluno/DLP1-final/qar/fina_suy_v2_restored/transmitter.vhd        ;         ;
+----------------------------------+-----------------+-----------------+------------------------------------------------------------------------+---------+


+--------------------------------------------------------------+
; Analysis & Synthesis Resource Usage Summary                  ;
+---------------------------------------------+----------------+
; Resource                                    ; Usage          ;
+---------------------------------------------+----------------+
; Estimated Total logic elements              ; 80             ;
;                                             ;                ;
; Total combinational functions               ; 63             ;
; Logic element usage by number of LUT inputs ;                ;
;     -- 4 input functions                    ; 27             ;
;     -- 3 input functions                    ; 9              ;
;     -- <=2 input functions                  ; 27             ;
;                                             ;                ;
; Logic elements by mode                      ;                ;
;     -- normal mode                          ; 38             ;
;     -- arithmetic mode                      ; 25             ;
;                                             ;                ;
; Total registers                             ; 46             ;
;     -- Dedicated logic registers            ; 46             ;
;     -- I/O registers                        ; 0              ;
;                                             ;                ;
; I/O pins                                    ; 19             ;
; Embedded Multiplier 9-bit elements          ; 0              ;
; Maximum fan-out node                        ; main_clk~input ;
; Maximum fan-out                             ; 27             ;
; Total fan-out                               ; 357            ;
; Average fan-out                             ; 2.43           ;
+---------------------------------------------+----------------+


+-----------------------------------------------------------------------------------------------------------------------------------------------------------------------------------------------------------------+
; Analysis & Synthesis Resource Utilization by Entity                                                                                                                                                             ;
+------------------------------------------+-------------------+--------------+-------------+--------------+---------+-----------+------+--------------+-------------------------------------------+--------------+
; Compilation Hierarchy Node               ; LC Combinationals ; LC Registers ; Memory Bits ; DSP Elements ; DSP 9x9 ; DSP 18x18 ; Pins ; Virtual Pins ; Full Hierarchy Name                       ; Library Name ;
+------------------------------------------+-------------------+--------------+-------------+--------------+---------+-----------+------+--------------+-------------------------------------------+--------------+
; |main                                    ; 63 (0)            ; 46 (0)       ; 0           ; 0            ; 0       ; 0         ; 19   ; 0            ; |main                                     ; work         ;
;    |baudrate_generator:gerador_baudrate| ; 52 (52)           ; 27 (27)      ; 0           ; 0            ; 0       ; 0         ; 0    ; 0            ; |main|baudrate_generator:gerador_baudrate ; work         ;
;    |parallel2serial:paralelo_serial|     ; 0 (0)             ; 7 (7)        ; 0           ; 0            ; 0       ; 0         ; 0    ; 0            ; |main|parallel2serial:paralelo_serial     ; work         ;
;    |parity_generator:parityGenerator|    ; 2 (2)             ; 0 (0)        ; 0           ; 0            ; 0       ; 0         ; 0    ; 0            ; |main|parity_generator:parityGenerator    ; work         ;
;    |transmitter:transmissor|             ; 9 (9)             ; 12 (12)      ; 0           ; 0            ; 0       ; 0         ; 0    ; 0            ; |main|transmitter:transmissor             ; work         ;
+------------------------------------------+-------------------+--------------+-------------+--------------+---------+-----------+------+--------------+-------------------------------------------+--------------+
Note: For table entries with two numbers listed, the numbers in parentheses indicate the number of resources of the given type used by the specific entity alone. The numbers listed outside of parentheses indicate the total resources of the given type used by the specific entity and all of its sub-entities in the hierarchy.


Encoding Type:  One-Hot
+-------------------------------------------------------------------------------------------------------------------------------------------------------------------------------------------------------------------+
; State Machine - |main|transmitter:transmissor|pr_state                                                                                                                                                            ;
+--------------------+----------------+----------------+-------------+-------------+-------------+-------------+-------------+-------------+-------------+-----------------+--------------------+-------------------+
; Name               ; pr_state.stop1 ; pr_state.stop0 ; pr_state.b6 ; pr_state.b5 ; pr_state.b4 ; pr_state.b3 ; pr_state.b2 ; pr_state.b1 ; pr_state.b0 ; pr_state.parity ; pr_state.start_bit ; pr_state.wait_msg ;
+--------------------+----------------+----------------+-------------+-------------+-------------+-------------+-------------+-------------+-------------+-----------------+--------------------+-------------------+
; pr_state.wait_msg  ; 0              ; 0              ; 0           ; 0           ; 0           ; 0           ; 0           ; 0           ; 0           ; 0               ; 0                  ; 0                 ;
; pr_state.start_bit ; 0              ; 0              ; 0           ; 0           ; 0           ; 0           ; 0           ; 0           ; 0           ; 0               ; 1                  ; 1                 ;
; pr_state.parity    ; 0              ; 0              ; 0           ; 0           ; 0           ; 0           ; 0           ; 0           ; 0           ; 1               ; 0                  ; 1                 ;
; pr_state.b0        ; 0              ; 0              ; 0           ; 0           ; 0           ; 0           ; 0           ; 0           ; 1           ; 0               ; 0                  ; 1                 ;
; pr_state.b1        ; 0              ; 0              ; 0           ; 0           ; 0           ; 0           ; 0           ; 1           ; 0           ; 0               ; 0                  ; 1                 ;
; pr_state.b2        ; 0              ; 0              ; 0           ; 0           ; 0           ; 0           ; 1           ; 0           ; 0           ; 0               ; 0                  ; 1                 ;
; pr_state.b3        ; 0              ; 0              ; 0           ; 0           ; 0           ; 1           ; 0           ; 0           ; 0           ; 0               ; 0                  ; 1                 ;
; pr_state.b4        ; 0              ; 0              ; 0           ; 0           ; 1           ; 0           ; 0           ; 0           ; 0           ; 0               ; 0                  ; 1                 ;
; pr_state.b5        ; 0              ; 0              ; 0           ; 1           ; 0           ; 0           ; 0           ; 0           ; 0           ; 0               ; 0                  ; 1                 ;
; pr_state.b6        ; 0              ; 0              ; 1           ; 0           ; 0           ; 0           ; 0           ; 0           ; 0           ; 0               ; 0                  ; 1                 ;
; pr_state.stop0     ; 0              ; 1              ; 0           ; 0           ; 0           ; 0           ; 0           ; 0           ; 0           ; 0               ; 0                  ; 1                 ;
; pr_state.stop1     ; 1              ; 0              ; 0           ; 0           ; 0           ; 0           ; 0           ; 0           ; 0           ; 0               ; 0                  ; 1                 ;
+--------------------+----------------+----------------+-------------+-------------+-------------+-------------+-------------+-------------+-------------+-----------------+--------------------+-------------------+


+------------------------------------------------------+
; General Register Statistics                          ;
+----------------------------------------------+-------+
; Statistic                                    ; Value ;
+----------------------------------------------+-------+
; Total registers                              ; 46    ;
; Number of registers using Synchronous Clear  ; 26    ;
; Number of registers using Synchronous Load   ; 0     ;
; Number of registers using Asynchronous Clear ; 19    ;
; Number of registers using Asynchronous Load  ; 0     ;
; Number of registers using Clock Enable       ; 7     ;
; Number of registers using Preset             ; 0     ;
+----------------------------------------------+-------+


+-------------------------------------------------------+
; Inverted Register Statistics                          ;
+---------------------------------------------+---------+
; Inverted Register                           ; Fan out ;
+---------------------------------------------+---------+
; baudrate_generator:gerador_baudrate|clk_tmp ; 22      ;
; Total number of inverted registers = 1      ;         ;
+---------------------------------------------+---------+


+----------------------------------------------------------------------------------------------------------------------------------------------------------------+
; Multiplexer Restructuring Statistics (Restructuring Performed)                                                                                                 ;
+--------------------+-----------+---------------+----------------------+------------------------+------------+--------------------------------------------------+
; Multiplexer Inputs ; Bus Width ; Baseline Area ; Area if Restructured ; Saving if Restructured ; Registered ; Example Multiplexer Output                       ;
+--------------------+-----------+---------------+----------------------+------------------------+------------+--------------------------------------------------+
; 9:1                ; 26 bits   ; 156 LEs       ; 26 LEs               ; 130 LEs                ; Yes        ; |main|baudrate_generator:gerador_baudrate|cnt[3] ;
+--------------------+-----------+---------------+----------------------+------------------------+------------+--------------------------------------------------+


+----------------------------------------------------------------------+
; Parameter Settings for User Entity Instance: Top-level Entity: |main ;
+----------------+-------+---------------------------------------------+
; Parameter Name ; Value ; Type                                        ;
+----------------+-------+---------------------------------------------+
; n              ; 11    ; Signed Integer                              ;
; n_ascii        ; 7     ; Signed Integer                              ;
; n_ssd          ; 7     ; Signed Integer                              ;
; n_msg          ; 8     ; Signed Integer                              ;
+----------------+-------+---------------------------------------------+
Note: In order to hide this table in the UI and the text report file, please set the "Show Parameter Settings in Synthesis Report" option in "Analysis and Synthesis Settings -> More Settings" to "Off".


+---------------------------------------------------------------+
; Parameter Settings for User Entity Instance: input2ssd:to_ssd ;
+-----------------+-------+-------------------------------------+
; Parameter Name  ; Value ; Type                                ;
+-----------------+-------+-------------------------------------+
; n_of_bits_ascii ; 7     ; Signed Integer                      ;
; ssd_bits        ; 7     ; Signed Integer                      ;
+-----------------+-------+-------------------------------------+
Note: In order to hide this table in the UI and the text report file, please set the "Show Parameter Settings in Synthesis Report" option in "Analysis and Synthesis Settings -> More Settings" to "Off".


+-------------------------------------------------------------------------------+
; Parameter Settings for User Entity Instance: parity_generator:parityGenerator ;
+----------------+-------+------------------------------------------------------+
; Parameter Name ; Value ; Type                                                 ;
+----------------+-------+------------------------------------------------------+
; n              ; 7     ; Signed Integer                                       ;
+----------------+-------+------------------------------------------------------+
Note: In order to hide this table in the UI and the text report file, please set the "Show Parameter Settings in Synthesis Report" option in "Analysis and Synthesis Settings -> More Settings" to "Off".


+----------------------------------------------------------------------------------+
; Parameter Settings for User Entity Instance: baudrate_generator:gerador_baudrate ;
+----------------+----------+------------------------------------------------------+
; Parameter Name ; Value    ; Type                                                 ;
+----------------+----------+------------------------------------------------------+
; clk_freq       ; 50000000 ; Signed Integer                                       ;
; b9600          ; 5208     ; Signed Integer                                       ;
; b1             ; 25000000 ; Signed Integer                                       ;
; b4             ; 12500000 ; Signed Integer                                       ;
; b8             ; 6250000  ; Signed Integer                                       ;
+----------------+----------+------------------------------------------------------+
Note: In order to hide this table in the UI and the text report file, please set the "Show Parameter Settings in Synthesis Report" option in "Analysis and Synthesis Settings -> More Settings" to "Off".


+----------------------------------------------------------------------+
; Parameter Settings for User Entity Instance: transmitter:transmissor ;
+----------------+-------+---------------------------------------------+
; Parameter Name ; Value ; Type                                        ;
+----------------+-------+---------------------------------------------+
; n              ; 8     ; Signed Integer                              ;
+----------------+-------+---------------------------------------------+
Note: In order to hide this table in the UI and the text report file, please set the "Show Parameter Settings in Synthesis Report" option in "Analysis and Synthesis Settings -> More Settings" to "Off".


+----------------------------------------------------------------------------------------------------------------+
; Port Connectivity Checks: "input2ssd:to_ssd"                                                                   ;
+------+--------+----------+-------------------------------------------------------------------------------------+
; Port ; Type   ; Severity ; Details                                                                             ;
+------+--------+----------+-------------------------------------------------------------------------------------+
; ssd  ; Output ; Info     ; Connected to dangling logic. Logic that only feeds a dangling port will be removed. ;
+------+--------+----------+-------------------------------------------------------------------------------------+


+-------------------------------+
; Elapsed Time Per Partition    ;
+----------------+--------------+
; Partition Name ; Elapsed Time ;
+----------------+--------------+
; Top            ; 00:00:00     ;
+----------------+--------------+


+-------------------------------+
; Analysis & Synthesis Messages ;
+-------------------------------+
Info: *******************************************************************
Info: Running Quartus II 32-bit Analysis & Synthesis
    Info: Version 13.0.1 Build 232 06/12/2013 Service Pack 1 SJ Full Version
    Info: Processing started: Fri Jul  5 17:37:29 2019
Info: Command: quartus_map --read_settings_files=on --write_settings_files=off input2ssd -c input2ssd
Info (11104): Parallel Compilation has detected 8 hyper-threaded processors. However, the extra hyper-threaded processors will not be used by default. Parallel Compilation will use 4 of the 4 physical processors detected instead.
Info (12021): Found 2 design units, including 1 entities, in source file input2ssd.vhd
    Info (12022): Found design unit 1: input2ssd-rtl
    Info (12023): Found entity 1: input2ssd
Info (12021): Found 2 design units, including 1 entities, in source file parallel2serial.vhd
    Info (12022): Found design unit 1: parallel2serial-rtl
    Info (12023): Found entity 1: parallel2serial
Info (12021): Found 2 design units, including 1 entities, in source file parity_generator.vhd
    Info (12022): Found design unit 1: parity_generator-rtl
    Info (12023): Found entity 1: parity_generator
Info (12021): Found 2 design units, including 1 entities, in source file baudrate_generator.vhd
    Info (12022): Found design unit 1: baudrate_generator-rtl
    Info (12023): Found entity 1: baudrate_generator
Info (12021): Found 2 design units, including 1 entities, in source file main.vhd
    Info (12022): Found design unit 1: main-rtl
    Info (12023): Found entity 1: main
Info (12021): Found 2 design units, including 1 entities, in source file transmitter.vhd
    Info (12022): Found design unit 1: transmitter-arch
    Info (12023): Found entity 1: transmitter
Info (12021): Found 2 design units, including 1 entities, in source file parity_checker.vhd
    Info (12022): Found design unit 1: parity_checker-rtl
    Info (12023): Found entity 1: parity_checker
Info (12021): Found 2 design units, including 1 entities, in source file serial2parallel.vhd
    Info (12022): Found design unit 1: serial2parallel-rtl
    Info (12023): Found entity 1: serial2parallel
Info (12021): Found 2 design units, including 1 entities, in source file selector.vhd
    Info (12022): Found design unit 1: selector-rtl
    Info (12023): Found entity 1: selector
Info (12127): Elaborating entity "main" for the top level hierarchy
Warning (10036): Verilog HDL or VHDL warning at main.vhd(103): object "ssd_sign" assigned a value but never read
Info (12128): Elaborating entity "parallel2serial" for hierarchy "parallel2serial:paralelo_serial"
Info (12128): Elaborating entity "input2ssd" for hierarchy "input2ssd:to_ssd"
Info (12128): Elaborating entity "parity_generator" for hierarchy "parity_generator:parityGenerator"
Info (12128): Elaborating entity "baudrate_generator" for hierarchy "baudrate_generator:gerador_baudrate"
Info (12128): Elaborating entity "transmitter" for hierarchy "transmitter:transmissor"
Warning (10492): VHDL Process Statement warning at transmitter.vhd(53): signal "a" is read inside the Process Statement but isn't in the Process Statement's sensitivity list
Warning (10492): VHDL Process Statement warning at transmitter.vhd(56): signal "a" is read inside the Process Statement but isn't in the Process Statement's sensitivity list
Warning (10492): VHDL Process Statement warning at transmitter.vhd(59): signal "a" is read inside the Process Statement but isn't in the Process Statement's sensitivity list
Warning (10492): VHDL Process Statement warning at transmitter.vhd(62): signal "a" is read inside the Process Statement but isn't in the Process Statement's sensitivity list
Warning (10492): VHDL Process Statement warning at transmitter.vhd(65): signal "a" is read inside the Process Statement but isn't in the Process Statement's sensitivity list
Warning (10492): VHDL Process Statement warning at transmitter.vhd(68): signal "a" is read inside the Process Statement but isn't in the Process Statement's sensitivity list
Warning (10492): VHDL Process Statement warning at transmitter.vhd(71): signal "a" is read inside the Process Statement but isn't in the Process Statement's sensitivity list
Warning (10492): VHDL Process Statement warning at transmitter.vhd(75): signal "a" is read inside the Process Statement but isn't in the Process Statement's sensitivity list
Info (286030): Timing-Driven Synthesis is running
Info (16010): Generating hard_block partition "hard_block:auto_generated_inst"
    Info (16011): Adding 0 node(s), including 0 DDIO, 0 PLL, 0 transceiver and 0 LCELL
Info (21057): Implemented 99 device resources after synthesis - the final resource count might be different
    Info (21058): Implemented 13 input pins
    Info (21059): Implemented 6 output pins
    Info (21061): Implemented 80 logic cells
Info: Quartus II 32-bit Analysis & Synthesis was successful. 0 errors, 9 warnings
    Info: Peak virtual memory: 391 megabytes
    Info: Processing ended: Fri Jul  5 17:37:32 2019
    Info: Elapsed time: 00:00:03
    Info: Total CPU time (on all processors): 00:00:02


